<?xml version="1.0" encoding="UTF-8"?>
<testsuite name="com.galvanize.BusinessTest" tests="3" skipped="0" failures="0" errors="0" timestamp="2017-03-12T20:09:42" hostname="MERD7-222354" time="0.011">
  <properties/>
  <testcase name="test01_addressClassShouldWork" classname="com.galvanize.BusinessTest" time="0.004"/>
  <testcase name="test02_addressableInterfaceShouldExist" classname="com.galvanize.BusinessTest" time="0.001"/>
  <testcase name="test03_businessClassShouldExist" classname="com.galvanize.BusinessTest" time="0.005"/>
  <system-out><![CDATA[]]></system-out>
  <system-err><![CDATA[]]></system-err>
</testsuite>
